This is pdfTeX, Version 3.14159265-2.6-1.40.18 (TeX Live 2017/Debian) (preloaded format=pdflatex 2019.8.11)  20 JUN 2020 21:08
entering extended mode
 restricted \write18 enabled.
 %&-line parsing enabled.
**report.tex
(./report.tex
LaTeX2e <2017-04-15>
Babel <3.18> and hyphenation patterns for 84 language(s) loaded.
(/usr/share/texlive/texmf-dist/tex/latex/base/article.cls
Document Class: article 2014/09/29 v1.4h Standard LaTeX document class
(/usr/share/texlive/texmf-dist/tex/latex/base/size10.clo
File: size10.clo 2014/09/29 v1.4h Standard LaTeX file (size option)
)
\c@part=\count79
\c@section=\count80
\c@subsection=\count81
\c@subsubsection=\count82
\c@paragraph=\count83
\c@subparagraph=\count84
\c@figure=\count85
\c@table=\count86
\abovecaptionskip=\skip41
\belowcaptionskip=\skip42
\bibindent=\dimen102
)
(/usr/share/texlive/texmf-dist/tex/latex/geometry/geometry.sty
Package: geometry 2010/09/12 v5.6 Page Geometry

(/usr/share/texlive/texmf-dist/tex/latex/graphics/keyval.sty
Package: keyval 2014/10/28 v1.15 key=value parser (DPC)
\KV@toks@=\toks14
)
(/usr/share/texlive/texmf-dist/tex/generic/oberdiek/ifpdf.sty
Package: ifpdf 2017/03/15 v3.2 Provides the ifpdf switch
)
(/usr/share/texlive/texmf-dist/tex/generic/oberdiek/ifvtex.sty
Package: ifvtex 2016/05/16 v1.6 Detect VTeX and its facilities (HO)
Package ifvtex Info: VTeX not detected.
)
(/usr/share/texlive/texmf-dist/tex/generic/ifxetex/ifxetex.sty
Package: ifxetex 2010/09/12 v0.6 Provides ifxetex conditional
)
\Gm@cnth=\count87
\Gm@cntv=\count88
\c@Gm@tempcnt=\count89
\Gm@bindingoffset=\dimen103
\Gm@wd@mp=\dimen104
\Gm@odd@mp=\dimen105
\Gm@even@mp=\dimen106
\Gm@layoutwidth=\dimen107
\Gm@layoutheight=\dimen108
\Gm@layouthoffset=\dimen109
\Gm@layoutvoffset=\dimen110
\Gm@dimlist=\toks15
)
(/usr/share/texlive/texmf-dist/tex/latex/graphics/graphicx.sty
Package: graphicx 2017/06/01 v1.1a Enhanced LaTeX Graphics (DPC,SPQR)

(/usr/share/texlive/texmf-dist/tex/latex/graphics/graphics.sty
Package: graphics 2017/06/25 v1.2c Standard LaTeX Graphics (DPC,SPQR)

(/usr/share/texlive/texmf-dist/tex/latex/graphics/trig.sty
Package: trig 2016/01/03 v1.10 sin cos tan (DPC)
)
(/usr/share/texlive/texmf-dist/tex/latex/graphics-cfg/graphics.cfg
File: graphics.cfg 2016/06/04 v1.11 sample graphics configuration
)
Package graphics Info: Driver file: pdftex.def on input line 99.

(/usr/share/texlive/texmf-dist/tex/latex/graphics-def/pdftex.def
File: pdftex.def 2018/01/08 v1.0l Graphics/color driver for pdftex
))
\Gin@req@height=\dimen111
\Gin@req@width=\dimen112
)
(/usr/share/texlive/texmf-dist/tex/latex/hyperref/hyperref.sty
Package: hyperref 2018/02/06 v6.86b Hypertext links for LaTeX

(/usr/share/texlive/texmf-dist/tex/generic/oberdiek/hobsub-hyperref.sty
Package: hobsub-hyperref 2016/05/16 v1.14 Bundle oberdiek, subset hyperref (HO)


(/usr/share/texlive/texmf-dist/tex/generic/oberdiek/hobsub-generic.sty
Package: hobsub-generic 2016/05/16 v1.14 Bundle oberdiek, subset generic (HO)
Package: hobsub 2016/05/16 v1.14 Construct package bundles (HO)
Package: infwarerr 2016/05/16 v1.4 Providing info/warning/error messages (HO)
Package: ltxcmds 2016/05/16 v1.23 LaTeX kernel commands for general use (HO)
Package: ifluatex 2016/05/16 v1.4 Provides the ifluatex switch (HO)
Package ifluatex Info: LuaTeX not detected.
Package hobsub Info: Skipping package `ifvtex' (already loaded).
Package: intcalc 2016/05/16 v1.2 Expandable calculations with integers (HO)
Package hobsub Info: Skipping package `ifpdf' (already loaded).
Package: etexcmds 2016/05/16 v1.6 Avoid name clashes with e-TeX commands (HO)
Package etexcmds Info: Could not find \expanded.
(etexcmds)             That can mean that you are not using pdfTeX 1.50 or
(etexcmds)             that some package has redefined \expanded.
(etexcmds)             In the latter case, load this package earlier.
Package: kvsetkeys 2016/05/16 v1.17 Key value parser (HO)
Package: kvdefinekeys 2016/05/16 v1.4 Define keys (HO)
Package: pdftexcmds 2018/01/21 v0.26 Utility functions of pdfTeX for LuaTeX (HO
)
Package pdftexcmds Info: LuaTeX not detected.
Package pdftexcmds Info: \pdf@primitive is available.
Package pdftexcmds Info: \pdf@ifprimitive is available.
Package pdftexcmds Info: \pdfdraftmode found.
Package: pdfescape 2016/05/16 v1.14 Implements pdfTeX's escape features (HO)
Package: bigintcalc 2016/05/16 v1.4 Expandable calculations on big integers (HO
)
Package: bitset 2016/05/16 v1.2 Handle bit-vector datatype (HO)
Package: uniquecounter 2016/05/16 v1.3 Provide unlimited unique counter (HO)
)
Package hobsub Info: Skipping package `hobsub' (already loaded).
Package: letltxmacro 2016/05/16 v1.5 Let assignment for LaTeX macros (HO)
Package: hopatch 2016/05/16 v1.3 Wrapper for package hooks (HO)
Package: xcolor-patch 2016/05/16 xcolor patch
Package: atveryend 2016/05/16 v1.9 Hooks at the very end of document (HO)
Package atveryend Info: \enddocument detected (standard20110627).
Package: atbegshi 2016/06/09 v1.18 At begin shipout hook (HO)
Package: refcount 2016/05/16 v3.5 Data extraction from label references (HO)
Package: hycolor 2016/05/16 v1.8 Color options for hyperref/bookmark (HO)
)
(/usr/share/texlive/texmf-dist/tex/latex/oberdiek/auxhook.sty
Package: auxhook 2016/05/16 v1.4 Hooks for auxiliary files (HO)
)
(/usr/share/texlive/texmf-dist/tex/latex/oberdiek/kvoptions.sty
Package: kvoptions 2016/05/16 v3.12 Key value format for package options (HO)
)
\@linkdim=\dimen113
\Hy@linkcounter=\count90
\Hy@pagecounter=\count91

(/usr/share/texlive/texmf-dist/tex/latex/hyperref/pd1enc.def
File: pd1enc.def 2018/02/06 v6.86b Hyperref: PDFDocEncoding definition (HO)
)
\Hy@SavedSpaceFactor=\count92

(/usr/share/texlive/texmf-dist/tex/latex/latexconfig/hyperref.cfg
File: hyperref.cfg 2002/06/06 v1.2 hyperref configuration of TeXLive
)
Package hyperref Info: Hyper figures OFF on input line 4509.
Package hyperref Info: Link nesting OFF on input line 4514.
Package hyperref Info: Hyper index ON on input line 4517.
Package hyperref Info: Plain pages OFF on input line 4524.
Package hyperref Info: Backreferencing OFF on input line 4529.
Package hyperref Info: Implicit mode ON; LaTeX internals redefined.
Package hyperref Info: Bookmarks ON on input line 4762.
\c@Hy@tempcnt=\count93

(/usr/share/texlive/texmf-dist/tex/latex/url/url.sty
\Urlmuskip=\muskip10
Package: url 2013/09/16  ver 3.4  Verb mode for urls, etc.
)
LaTeX Info: Redefining \url on input line 5115.
\XeTeXLinkMargin=\dimen114
\Fld@menulength=\count94
\Field@Width=\dimen115
\Fld@charsize=\dimen116
Package hyperref Info: Hyper figures OFF on input line 6369.
Package hyperref Info: Link nesting OFF on input line 6374.
Package hyperref Info: Hyper index ON on input line 6377.
Package hyperref Info: backreferencing OFF on input line 6384.
Package hyperref Info: Link coloring OFF on input line 6389.
Package hyperref Info: Link coloring with OCG OFF on input line 6394.
Package hyperref Info: PDF/A mode OFF on input line 6399.
LaTeX Info: Redefining \ref on input line 6439.
LaTeX Info: Redefining \pageref on input line 6443.
\Hy@abspage=\count95
\c@Item=\count96
\c@Hfootnote=\count97
)
Package hyperref Info: Driver (autodetected): hpdftex.

(/usr/share/texlive/texmf-dist/tex/latex/hyperref/hpdftex.def
File: hpdftex.def 2018/02/06 v6.86b Hyperref driver for pdfTeX
\Fld@listcount=\count98
\c@bookmark@seq@number=\count99

(/usr/share/texlive/texmf-dist/tex/latex/oberdiek/rerunfilecheck.sty
Package: rerunfilecheck 2016/05/16 v1.8 Rerun checks for auxiliary files (HO)
Package uniquecounter Info: New unique counter `rerunfilecheck' on input line 2
82.
)
\Hy@SectionHShift=\skip43
)
(/usr/share/texlive/texmf-dist/tex/latex/tools/tabularx.sty
Package: tabularx 2016/02/03 v2.11 `tabularx' package (DPC)

(/usr/share/texlive/texmf-dist/tex/latex/tools/array.sty
Package: array 2016/10/06 v2.4d Tabular extension package (FMi)
\col@sep=\dimen117
\extrarowheight=\dimen118
\NC@list=\toks16
\extratabsurround=\skip44
\backup@length=\skip45
)
\TX@col@width=\dimen119
\TX@old@table=\dimen120
\TX@old@col=\dimen121
\TX@target=\dimen122
\TX@delta=\dimen123
\TX@cols=\count100
\TX@ftn=\toks17
)
(/usr/share/texlive/texmf-dist/tex/latex/amsmath/amsmath.sty
Package: amsmath 2017/09/02 v2.17a AMS math features
\@mathmargin=\skip46

For additional information on amsmath, use the `?' option.
(/usr/share/texlive/texmf-dist/tex/latex/amsmath/amstext.sty
Package: amstext 2000/06/29 v2.01 AMS text

(/usr/share/texlive/texmf-dist/tex/latex/amsmath/amsgen.sty
File: amsgen.sty 1999/11/30 v2.0 generic functions
\@emptytoks=\toks18
\ex@=\dimen124
))
(/usr/share/texlive/texmf-dist/tex/latex/amsmath/amsbsy.sty
Package: amsbsy 1999/11/29 v1.2d Bold Symbols
\pmbraise@=\dimen125
)
(/usr/share/texlive/texmf-dist/tex/latex/amsmath/amsopn.sty
Package: amsopn 2016/03/08 v2.02 operator names
)
\inf@bad=\count101
LaTeX Info: Redefining \frac on input line 213.
\uproot@=\count102
\leftroot@=\count103
LaTeX Info: Redefining \overline on input line 375.
\classnum@=\count104
\DOTSCASE@=\count105
LaTeX Info: Redefining \ldots on input line 472.
LaTeX Info: Redefining \dots on input line 475.
LaTeX Info: Redefining \cdots on input line 596.
\Mathstrutbox@=\box26
\strutbox@=\box27
\big@size=\dimen126
LaTeX Font Info:    Redeclaring font encoding OML on input line 712.
LaTeX Font Info:    Redeclaring font encoding OMS on input line 713.
\macc@depth=\count106
\c@MaxMatrixCols=\count107
\dotsspace@=\muskip11
\c@parentequation=\count108
\dspbrk@lvl=\count109
\tag@help=\toks19
\row@=\count110
\column@=\count111
\maxfields@=\count112
\andhelp@=\toks20
\eqnshift@=\dimen127
\alignsep@=\dimen128
\tagshift@=\dimen129
\tagwidth@=\dimen130
\totwidth@=\dimen131
\lineht@=\dimen132
\@envbody=\toks21
\multlinegap=\skip47
\multlinetaggap=\skip48
\mathdisplay@stack=\toks22
LaTeX Info: Redefining \[ on input line 2817.
LaTeX Info: Redefining \] on input line 2818.
)
(/usr/share/texlive/texmf-dist/tex/latex/amsfonts/amssymb.sty
Package: amssymb 2013/01/14 v3.01 AMS font symbols

(/usr/share/texlive/texmf-dist/tex/latex/amsfonts/amsfonts.sty
Package: amsfonts 2013/01/14 v3.01 Basic AMSFonts support
\symAMSa=\mathgroup4
\symAMSb=\mathgroup5
LaTeX Font Info:    Overwriting math alphabet `\mathfrak' in version `bold'
(Font)                  U/euf/m/n --> U/euf/b/n on input line 106.
))
(/usr/share/texlive/texmf-dist/tex/latex/boxedminipage2e/boxedminipage2e.sty
Package: boxedminipage2e 2015/03/09 v1.0 Boxed LaTeX2e minipages
\bmp@box=\box28
\bmp@width=\skip49
\bmp@height=\skip50
)
(/usr/share/texlive/texmf-dist/tex/latex/titlesec/titlesec.sty
Package: titlesec 2016/03/21 v2.10.2 Sectioning titles
\ttl@box=\box29
\beforetitleunit=\skip51
\aftertitleunit=\skip52
\ttl@plus=\dimen133
\ttl@minus=\dimen134
\ttl@toksa=\toks23
\titlewidth=\dimen135
\titlewidthlast=\dimen136
\titlewidthfirst=\dimen137
)
(/usr/share/texlive/texmf-dist/tex/latex/chngcntr/chngcntr.sty
Package: chngcntr 2009/09/02 v1.0a change counter resetting
) (./report.aux)
\openout1 = `report.aux'.

LaTeX Font Info:    Checking defaults for OML/cmm/m/it on input line 21.
LaTeX Font Info:    ... okay on input line 21.
LaTeX Font Info:    Checking defaults for T1/cmr/m/n on input line 21.
LaTeX Font Info:    ... okay on input line 21.
LaTeX Font Info:    Checking defaults for OT1/cmr/m/n on input line 21.
LaTeX Font Info:    ... okay on input line 21.
LaTeX Font Info:    Checking defaults for OMS/cmsy/m/n on input line 21.
LaTeX Font Info:    ... okay on input line 21.
LaTeX Font Info:    Checking defaults for OMX/cmex/m/n on input line 21.
LaTeX Font Info:    ... okay on input line 21.
LaTeX Font Info:    Checking defaults for U/cmr/m/n on input line 21.
LaTeX Font Info:    ... okay on input line 21.
LaTeX Font Info:    Checking defaults for PD1/pdf/m/n on input line 21.
LaTeX Font Info:    ... okay on input line 21.

*geometry* driver: auto-detecting
*geometry* detected driver: pdftex
*geometry* verbose mode - [ preamble ] result:
* driver: pdftex
* paper: <default>
* layout: <same size as paper>
* layoutoffset:(h,v)=(0.0pt,0.0pt)
* modes: 
* h-part:(L,W,R)=(93.75183pt, 426.79134pt, 93.75183pt)
* v-part:(T,H,B)=(95.39737pt, 556.47656pt, 143.09605pt)
* \paperwidth=614.295pt
* \paperheight=794.96999pt
* \textwidth=426.79134pt
* \textheight=556.47656pt
* \oddsidemargin=21.48184pt
* \evensidemargin=21.48184pt
* \topmargin=-13.87262pt
* \headheight=12.0pt
* \headsep=25.0pt
* \topskip=10.0pt
* \footskip=30.0pt
* \marginparwidth=65.0pt
* \marginparsep=11.0pt
* \columnsep=10.0pt
* \skip\footins=9.0pt plus 4.0pt minus 2.0pt
* \hoffset=0.0pt
* \voffset=0.0pt
* \mag=1000
* \@twocolumnfalse
* \@twosidefalse
* \@mparswitchfalse
* \@reversemarginfalse
* (1in=72.27pt=25.4mm, 1cm=28.453pt)

(/usr/share/texlive/texmf-dist/tex/context/base/mkii/supp-pdf.mkii
[Loading MPS to PDF converter (version 2006.09.02).]
\scratchcounter=\count113
\scratchdimen=\dimen138
\scratchbox=\box30
\nofMPsegments=\count114
\nofMParguments=\count115
\everyMPshowfont=\toks24
\MPscratchCnt=\count116
\MPscratchDim=\dimen139
\MPnumerator=\count117
\makeMPintoPDFobject=\count118
\everyMPtoPDFconversion=\toks25
) (/usr/share/texlive/texmf-dist/tex/latex/oberdiek/epstopdf-base.sty
Package: epstopdf-base 2016/05/15 v2.6 Base part for package epstopdf

(/usr/share/texlive/texmf-dist/tex/latex/oberdiek/grfext.sty
Package: grfext 2016/05/16 v1.2 Manage graphics extensions (HO)
)
Package epstopdf-base Info: Redefining graphics rule for `.eps' on input line 4
38.
Package grfext Info: Graphics extension search list:
(grfext)             [.pdf,.png,.jpg,.mps,.jpeg,.jbig2,.jb2,.PDF,.PNG,.JPG,.JPE
G,.JBIG2,.JB2,.eps]
(grfext)             \AppendGraphicsExtensions on input line 456.

(/usr/share/texlive/texmf-dist/tex/latex/latexconfig/epstopdf-sys.cfg
File: epstopdf-sys.cfg 2010/07/13 v1.3 Configuration of (r)epstopdf for TeX Liv
e
))
\AtBeginShipoutBox=\box31
Package hyperref Info: Link coloring OFF on input line 21.

(/usr/share/texlive/texmf-dist/tex/latex/hyperref/nameref.sty
Package: nameref 2016/05/21 v2.44 Cross-referencing by name of section

(/usr/share/texlive/texmf-dist/tex/generic/oberdiek/gettitlestring.sty
Package: gettitlestring 2016/05/16 v1.5 Cleanup title references (HO)
)
\c@section@level=\count119
)
LaTeX Info: Redefining \ref on input line 21.
LaTeX Info: Redefining \pageref on input line 21.
LaTeX Info: Redefining \nameref on input line 21.

(./report.out) (./report.out)
\@outlinefile=\write3
\openout3 = `report.out'.

LaTeX Font Info:    Try loading font information for U+msa on input line 24.

(/usr/share/texlive/texmf-dist/tex/latex/amsfonts/umsa.fd
File: umsa.fd 2013/01/14 v3.01 AMS symbols A
)
LaTeX Font Info:    Try loading font information for U+msb on input line 24.

(/usr/share/texlive/texmf-dist/tex/latex/amsfonts/umsb.fd
File: umsb.fd 2013/01/14 v3.01 AMS symbols B
)
<logos/python_logo.png, id=113, 513.92pt x 513.92pt>
File: logos/python_logo.png Graphic file (type png)
<use logos/python_logo.png>
Package pdftex.def Info: logos/python_logo.png  used on input line 31.
(pdftex.def)             Requested size: 28.26176pt x 28.26176pt.
<logos/scikit_learn_logo.png, id=115, 393.47pt x 237.88875pt>
File: logos/scikit_learn_logo.png Graphic file (type png)
<use logos/scikit_learn_logo.png>
Package pdftex.def Info: logos/scikit_learn_logo.png  used on input line 33.
(pdftex.def)             Requested size: 39.34929pt x 23.79025pt.
<logos/django_logo.png, id=116, 1204.5pt x 419.5675pt>
File: logos/django_logo.png Graphic file (type png)
<use logos/django_logo.png>
Package pdftex.def Info: logos/django_logo.png  used on input line 35.
(pdftex.def)             Requested size: 48.17178pt x 16.77983pt.
<logos/postgresql_logo.png, id=117, 1201.48875pt x 903.375pt>
File: logos/postgresql_logo.png Graphic file (type png)
<use logos/postgresql_logo.png>
Package pdftex.def Info: logos/postgresql_logo.png  used on input line 37.
(pdftex.def)             Requested size: 42.0564pt x 31.62135pt.
<logos/docker_logo.png, id=118, 301.125pt x 256.96pt>
File: logos/docker_logo.png Graphic file (type png)
<use logos/docker_logo.png>
Package pdftex.def Info: logos/docker_logo.png  used on input line 39.
(pdftex.def)             Requested size: 36.13344pt x 30.83386pt.
<logos/kubernetes_logo.png, id=119, 732.7375pt x 390.45876pt>
File: logos/kubernetes_logo.png Graphic file (type png)
<use logos/kubernetes_logo.png>
Package pdftex.def Info: logos/kubernetes_logo.png  used on input line 41.
(pdftex.def)             Requested size: 58.6202pt x 31.23734pt.
<logos/gcp_logo.png, id=120, 4015.0pt x 2480.26625pt>
File: logos/gcp_logo.png Graphic file (type png)
<use logos/gcp_logo.png>
Package pdftex.def Info: logos/gcp_logo.png  used on input line 43.
(pdftex.def)             Requested size: 60.2224pt x 37.20238pt.
<logos/jenkins_logo.png, id=121, 326.72063pt x 443.40656pt>
File: logos/jenkins_logo.png Graphic file (type png)
<use logos/jenkins_logo.png>
Package pdftex.def Info: logos/jenkins_logo.png  used on input line 45.
(pdftex.def)             Requested size: 26.13818pt x 35.47324pt.
<logos/js_logo.png, id=122, 195.73125pt x 195.73125pt>
File: logos/js_logo.png Graphic file (type png)
<use logos/js_logo.png>
Package pdftex.def Info: logos/js_logo.png  used on input line 47.
(pdftex.def)             Requested size: 29.35841pt x 29.35841pt.
<logos/git_logo.png, id=123, 384.43625pt x 384.43625pt>
File: logos/git_logo.png Graphic file (type png)
<use logos/git_logo.png>
Package pdftex.def Info: logos/git_logo.png  used on input line 49.
(pdftex.def)             Requested size: 23.06517pt x 23.06517pt.
<logos/github_logo.png, id=124, 1204.5pt x 632.3625pt>
File: logos/github_logo.png Graphic file (type png)
<use logos/github_logo.png>
Package pdftex.def Info: logos/github_logo.png  used on input line 51.
(pdftex.def)             Requested size: 48.17178pt x 25.29019pt.
 [1

{/var/lib/texmf/fonts/map/pdftex/updmap/pdftex.map} <./logos/python_logo.png> <
./logos/scikit_learn_logo.png> <./logos/django_logo.png> <./logos/postgresql_lo
go.png (PNG copy)> <./logos/docker_logo.png> <./logos/kubernetes_logo.png> <./l
ogos/gcp_logo.png> <./logos/jenkins_logo.png> <./logos/js_logo.png> <./logos/gi
t_logo.png> <./logos/github_logo.png (PNG copy)>] (./report.toc)
\tf@toc=\write4
\openout4 = `report.toc'.

 [2

]
LaTeX Font Info:    Try loading font information for OMS+cmr on input line 74.

(/usr/share/texlive/texmf-dist/tex/latex/base/omscmr.fd
File: omscmr.fd 2014/09/29 v2.5h Standard LaTeX font definitions
)
LaTeX Font Info:    Font shape `OMS/cmr/m/n' in size <10> not available
(Font)              Font shape `OMS/cmsy/m/n' tried instead on input line 74.

Underfull \hbox (badness 10000) in paragraph at lines 83--84

 []


Underfull \hbox (badness 10000) in paragraph at lines 85--91

 []

<screenshots_app/sign_up.png, id=178, 1046.40938pt x 310.91156pt>
File: screenshots_app/sign_up.png Graphic file (type png)
<use screenshots_app/sign_up.png>
Package pdftex.def Info: screenshots_app/sign_up.png  used on input line 100.
(pdftex.def)             Requested size: 313.92523pt x 93.27417pt.
<screenshots_app/sign_in.png, id=180, 1038.88126pt x 310.91156pt>
File: screenshots_app/sign_in.png Graphic file (type png)
<use screenshots_app/sign_in.png>
Package pdftex.def Info: screenshots_app/sign_in.png  used on input line 108.
(pdftex.def)             Requested size: 311.66678pt x 93.27417pt.
[3

 <./screenshots_app/sign_up.png>]
<screenshots_app/all_movies.png, id=190, 1434.10782pt x 706.89093pt>
File: screenshots_app/all_movies.png Graphic file (type png)
<use screenshots_app/all_movies.png>
Package pdftex.def Info: screenshots_app/all_movies.png  used on input line 119
.
(pdftex.def)             Requested size: 358.52608pt x 176.72229pt.
<screenshots_app/all_movies_ex1.png, id=192, 1903.11pt x 890.32625pt>
File: screenshots_app/all_movies_ex1.png Graphic file (type png)
<use screenshots_app/all_movies_ex1.png>
Package pdftex.def Info: screenshots_app/all_movies_ex1.png  used on input line
 124.
(pdftex.def)             Requested size: 380.61526pt x 178.06209pt.
<screenshots_app/rate_movie_ex1.png, id=194, 1308.38812pt x 181.42781pt>
File: screenshots_app/rate_movie_ex1.png Graphic file (type png)
<use screenshots_app/rate_movie_ex1.png>
Package pdftex.def Info: screenshots_app/rate_movie_ex1.png  used on input line
 133.
(pdftex.def)             Requested size: 392.51947pt x 54.42876pt.
 [4 <./screenshots_app/sign_in.png> <./screenshots_app/all_movies.png>]
<screenshots_app/rated_movies_navigation.png, id=205, 1416.79312pt x 301.8778pt
>
File: screenshots_app/rated_movies_navigation.png Graphic file (type png)
<use screenshots_app/rated_movies_navigation.png>
Package pdftex.def Info: screenshots_app/rated_movies_navigation.png  used on i
nput line 142.
(pdftex.def)             Requested size: 425.04121pt x 90.56403pt.
 [5 <./screenshots_app/all_movies_ex1.png> <./screenshots_app/rate_movie_ex1.pn
g> <./screenshots_app/rated_movies_navigation.png>]
<screenshots_app/rated_movies_clustered.png, id=216, 1431.09656pt x 707.64375pt
>
File: screenshots_app/rated_movies_clustered.png Graphic file (type png)
<use screenshots_app/rated_movies_clustered.png>
Package pdftex.def Info: screenshots_app/rated_movies_clustered.png  used on in
put line 156.
(pdftex.def)             Requested size: 429.33229pt x 212.29475pt.

Overfull \hbox (2.54095pt too wide) in paragraph at lines 156--157
[][] 
 []

<screenshots_app/rated_movies_statistics.png, id=218, 1893.0725pt x 889.3225pt>

File: screenshots_app/rated_movies_statistics.png Graphic file (type png)
<use screenshots_app/rated_movies_statistics.png>
Package pdftex.def Info: screenshots_app/rated_movies_statistics.png  used on i
nput line 165.
(pdftex.def)             Requested size: 359.68752pt x 168.97302pt.
<screenshots_app/suggestion_clusters.png, id=219, 1394.20876pt x 933.4875pt>
File: screenshots_app/suggestion_clusters.png Graphic file (type png)
<use screenshots_app/suggestion_clusters.png>
Package pdftex.def Info: screenshots_app/suggestion_clusters.png  used on input
 line 181.
(pdftex.def)             Requested size: 348.55133pt x 233.3713pt.
[6 <./screenshots_app/rated_movies_clustered.png>]
<screenshots_app/suggestion_similarity.png, id=228, 1178.15157pt x 472.76625pt>

File: screenshots_app/suggestion_similarity.png Graphic file (type png)
<use screenshots_app/suggestion_similarity.png>
Package pdftex.def Info: screenshots_app/suggestion_similarity.png  used on inp
ut line 190.
(pdftex.def)             Requested size: 329.88019pt x 132.37364pt.
 [7 <./screenshots_app/rated_movies_statistics.png> <./screenshots_app/suggesti
on_clusters.png>]
<screenshots_app/suggestion_actors.png, id=238, 1408.26125pt x 920.43875pt>
File: screenshots_app/suggestion_actors.png Graphic file (type png)
<use screenshots_app/suggestion_actors.png>
Package pdftex.def Info: screenshots_app/suggestion_actors.png  used on input l
ine 200.
(pdftex.def)             Requested size: 352.06445pt x 230.10912pt.
 [8 <./screenshots_app/suggestion_similarity.png>] [9 <./screenshots_app/sugges
tion_actors.png>] [10

]
<screenshots_app/sec3_similarity_1.png, id=267, 878.53218pt x 385.44pt>
File: screenshots_app/sec3_similarity_1.png Graphic file (type png)
<use screenshots_app/sec3_similarity_1.png>
Package pdftex.def Info: screenshots_app/sec3_similarity_1.png  used on input l
ine 264.
(pdftex.def)             Requested size: 333.84569pt x 146.46872pt.
<screenshots_app/sec3_similarity_2.png, id=268, 877.02657pt x 401.24907pt>
File: screenshots_app/sec3_similarity_2.png Graphic file (type png)
<use screenshots_app/sec3_similarity_2.png>
Package pdftex.def Info: screenshots_app/sec3_similarity_2.png  used on input l
ine 268.
(pdftex.def)             Requested size: 333.27356pt x 152.47623pt.
<screenshots_app/scatter_nr_ratings_similarity.png, id=270, 740.0448pt x 419.88
87pt>
File: screenshots_app/scatter_nr_ratings_similarity.png Graphic file (type png)

<use screenshots_app/scatter_nr_ratings_similarity.png>
Package pdftex.def Info: screenshots_app/scatter_nr_ratings_similarity.png  use
d on input line 273.
(pdftex.def)             Requested size: 370.0215pt x 209.94383pt.
 [11] [12 <./screenshots_app/sec3_similarity_1.png> <./screenshots_app/sec3_sim
ilarity_2.png>] [13 <./screenshots_app/scatter_nr_ratings_similarity.png>]pdfTe
X warning (ext4): destination with the same identifier (name{equation.3.1}) has
 been already used, duplicate ignored
<to be read again> 
                   \relax 
l.294 \begin{eqnarray}
                      pdfTeX warning (ext4): destination with the same identifi
er (name{equation.3.1}) has been already used, duplicate ignored
<to be read again> 
                   \relax 
l.294 \begin{eqnarray}
                      pdfTeX warning (ext4): destination with the same identifi
er (name{equation.3.1}) has been already used, duplicate ignored
<to be read again> 
                   \relax 
l.294 \begin{eqnarray}
                      pdfTeX warning (ext4): destination with the same identifi
er (name{equation.3.1}) has been already used, duplicate ignored
<to be read again> 
                   \relax 
l.294 \begin{eqnarray}
                      pdfTeX warning (ext4): destination with the same identifi
er (name{equation.3.1}) has been already used, duplicate ignored
<to be read again> 
                   \relax 
l.298 \begin{eqnarray}
                      pdfTeX warning (ext4): destination with the same identifi
er (name{equation.3.1}) has been already used, duplicate ignored
<to be read again> 
                   \relax 
l.298 \begin{eqnarray}
                      pdfTeX warning (ext4): destination with the same identifi
er (name{equation.3.1}) has been already used, duplicate ignored
<to be read again> 
                   \relax 
l.298 \begin{eqnarray}
                      pdfTeX warning (ext4): destination with the same identifi
er (name{equation.3.1}) has been already used, duplicate ignored
<to be read again> 
                   \relax 
l.298 \begin{eqnarray}
                      
Package atveryend Info: Empty hook `BeforeClearDocument' on input line 335.
 [14]
Package atveryend Info: Empty hook `AfterLastShipout' on input line 335.
 (./report.aux)
Package atveryend Info: Executing hook `AtVeryEndDocument' on input line 335.
Package atveryend Info: Executing hook `AtEndAfterFileList' on input line 335.
Package rerunfilecheck Info: File `report.out' has not changed.
(rerunfilecheck)             Checksum: BAF9DE8AF0492187E4A3DDA920755315;1870.
Package atveryend Info: Empty hook `AtVeryVeryEnd' on input line 335.
 ) 
Here is how much of TeX's memory you used:
 6985 strings out of 492982
 102121 string characters out of 6134896
 195750 words of memory out of 5000000
 10381 multiletter control sequences out of 15000+600000
 13523 words of font info for 53 fonts, out of 8000000 for 9000
 1141 hyphenation exceptions out of 8191
 28i,11n,31p,1089b,396s stack positions out of 5000i,500n,10000p,200000b,80000s
</usr/share/texlive/texmf-dist/fonts/type1/public/amsfonts/cm/cmbx10.pfb></us
r/share/texlive/texmf-dist/fonts/type1/public/amsfonts/cm/cmbx12.pfb></usr/shar
e/texlive/texmf-dist/fonts/type1/public/amsfonts/cm/cmbx9.pfb></usr/share/texli
ve/texmf-dist/fonts/type1/public/amsfonts/cm/cmex10.pfb></usr/share/texlive/tex
mf-dist/fonts/type1/public/amsfonts/cm/cmmi10.pfb></usr/share/texlive/texmf-dis
t/fonts/type1/public/amsfonts/cm/cmmi5.pfb></usr/share/texlive/texmf-dist/fonts
/type1/public/amsfonts/cm/cmmi7.pfb></usr/share/texlive/texmf-dist/fonts/type1/
public/amsfonts/cm/cmr10.pfb></usr/share/texlive/texmf-dist/fonts/type1/public/
amsfonts/cm/cmr12.pfb></usr/share/texlive/texmf-dist/fonts/type1/public/amsfont
s/cm/cmr17.pfb></usr/share/texlive/texmf-dist/fonts/type1/public/amsfonts/cm/cm
r5.pfb></usr/share/texlive/texmf-dist/fonts/type1/public/amsfonts/cm/cmr7.pfb><
/usr/share/texlive/texmf-dist/fonts/type1/public/amsfonts/cm/cmr9.pfb></usr/sha
re/texlive/texmf-dist/fonts/type1/public/amsfonts/cm/cmsy10.pfb></usr/share/tex
live/texmf-dist/fonts/type1/public/amsfonts/cm/cmsy5.pfb></usr/share/texlive/te
xmf-dist/fonts/type1/public/amsfonts/cm/cmsy7.pfb></usr/share/texlive/texmf-dis
t/fonts/type1/public/amsfonts/cm/cmtt9.pfb></usr/share/texlive/texmf-dist/fonts
/type1/public/amsfonts/symbols/msbm10.pfb>
Output written on report.pdf (14 pages, 6659166 bytes).
PDF statistics:
 367 PDF objects out of 1000 (max. 8388607)
 283 compressed objects within 3 object streams
 57 named destinations out of 1000 (max. 500000)
 342 words of extra memory for PDF output out of 10000 (max. 10000000)

